<?xml version="1.0" encoding="UTF-8"?>
<testng-results ignored="0" total="1" passed="1" failed="0" skipped="0">
  <reporter-output>
  </reporter-output>
  <suite started-at="2023-11-02T21:17:09 IST" name="Suite" finished-at="2023-11-02T21:18:05 IST" duration-ms="55903">
    <groups>
    </groups>
    <test started-at="2023-11-02T21:17:09 IST" name="Test" finished-at="2023-11-02T21:18:05 IST" duration-ms="55903">
      <class name="Pathology_TestCases.TC_AddPatients_003">
        <test-method is-config="true" signature="Setup()[pri:0, instance:Pathology_TestCases.TC_AddPatients_003@22bac7bc]" started-at="2023-11-02T21:17:09 IST" name="Setup" finished-at="2023-11-02T21:17:12 IST" duration-ms="3430" status="PASS">
          <reporter-output>
          </reporter-output>
        </test-method> <!-- Setup -->
        <test-method signature="AddPatients()[pri:0, instance:Pathology_TestCases.TC_AddPatients_003@22bac7bc]" started-at="2023-11-02T21:17:13 IST" name="AddPatients" finished-at="2023-11-02T21:18:02 IST" duration-ms="49005" status="PASS">
          <reporter-output>
          </reporter-output>
        </test-method> <!-- AddPatients -->
        <test-method is-config="true" signature="Close()[pri:0, instance:Pathology_TestCases.TC_AddPatients_003@22bac7bc]" started-at="2023-11-02T21:18:02 IST" name="Close" finished-at="2023-11-02T21:18:05 IST" duration-ms="3295" status="PASS">
          <reporter-output>
          </reporter-output>
        </test-method> <!-- Close -->
      </class> <!-- Pathology_TestCases.TC_AddPatients_003 -->
    </test> <!-- Test -->
  </suite> <!-- Suite -->
</testng-results>
